<?xml version="1.0" encoding="utf-8"?><testsuites><testsuite name="pytest" errors="0" failures="0" skipped="0" tests="1" time="0.021" timestamp="2024-02-27T19:42:07.378955" hostname="DiegoSebastian"><testcase classname="test_deadants.TestAntsFunction" name="test_no_dead_ants" file="test_deadants.py" line="4" time="0.001"><system-out>--------------------------------- Captured Log ---------------------------------

--------------------------------- Captured Out ---------------------------------

</system-out><system-err>--------------------------------- Captured Err ---------------------------------

</system-err></testcase></testsuite></testsuites>