<?xml version="1.0" encoding="utf-8"?><testsuites><testsuite name="pytest" errors="0" failures="0" skipped="0" tests="1" time="0.020" timestamp="2024-02-27T22:31:31.054561" hostname="DiegoSebastian"><testcase classname="test_deadants.TestAntsFunction" name="test_ants1" file="test_deadants.py" line="12" time="0.001"><system-out>--------------------------------- Captured Log ---------------------------------

--------------------------------- Captured Out ---------------------------------

</system-out><system-err>--------------------------------- Captured Err ---------------------------------

</system-err></testcase></testsuite></testsuites>